<?xml version="1.0" encoding="UTF-8"?>
<!-- Generated by org.testng.reporters.JUnitXMLReporter -->
<testsuite ignored="0" hostname="DESKTOP-VD3OIU9" failures="0" tests="3" name="Test" time="44.966" errors="0" timestamp="2023-07-25T15:08:46 IST">
  <testcase classname="eCommerceTest.Flipkart" name="flipkartTest" time="16.851"/>
  <testcase classname="eCommerceTest.Ajio" name="ajioTest" time="17.443"/>
  <testcase classname="eCommerceTest.AmozonTest" name="amozonTest" time="10.544"/>
</testsuite> <!-- Test -->
