<?xml version="1.0" encoding="UTF-8"?>
<testng-results ignored="0" total="3" passed="3" failed="0" skipped="0">
  <reporter-output>
  </reporter-output>
  <suite started-at="2023-07-25T15:08:01 IST" name="Suite" finished-at="2023-07-25T15:08:46 IST" duration-ms="44966">
    <groups>
    </groups>
    <test started-at="2023-07-25T15:08:01 IST" name="Test" finished-at="2023-07-25T15:08:46 IST" duration-ms="44966">
      <class name="eCommerceTest.Flipkart">
        <test-method signature="flipkartTest()[pri:0, instance:eCommerceTest.Flipkart@31d7b7bf]" started-at="2023-07-25T15:08:01 IST" name="flipkartTest" finished-at="2023-07-25T15:08:18 IST" duration-ms="16851" status="PASS">
          <reporter-output>
          </reporter-output>
        </test-method> <!-- flipkartTest -->
      </class> <!-- eCommerceTest.Flipkart -->
      <class name="eCommerceTest.AmozonTest">
        <test-method signature="amozonTest()[pri:0, instance:eCommerceTest.AmozonTest@6ca8564a]" started-at="2023-07-25T15:08:35 IST" name="amozonTest" finished-at="2023-07-25T15:08:46 IST" duration-ms="10544" status="PASS">
          <reporter-output>
          </reporter-output>
        </test-method> <!-- amozonTest -->
      </class> <!-- eCommerceTest.AmozonTest -->
      <class name="eCommerceTest.Ajio">
        <test-method signature="ajioTest()[pri:0, instance:eCommerceTest.Ajio@1817d444]" started-at="2023-07-25T15:08:18 IST" name="ajioTest" finished-at="2023-07-25T15:08:35 IST" duration-ms="17443" status="PASS">
          <reporter-output>
          </reporter-output>
        </test-method> <!-- ajioTest -->
      </class> <!-- eCommerceTest.Ajio -->
    </test> <!-- Test -->
  </suite> <!-- Suite -->
</testng-results>
